01-Apr-2019 14:33:07.581 INFORMATION [main] org.apache.catalina.startup.VersionLoggerListener.log Server version:        Apache Tomcat/8.5.39
01-Apr-2019 14:33:07.612 INFORMATION [main] org.apache.catalina.startup.VersionLoggerListener.log Server built:          Mar 14 2019 11:24:26 UTC
01-Apr-2019 14:33:07.613 INFORMATION [main] org.apache.catalina.startup.VersionLoggerListener.log Server number:         8.5.39.0
01-Apr-2019 14:33:07.613 INFORMATION [main] org.apache.catalina.startup.VersionLoggerListener.log OS Name:               Windows 10
01-Apr-2019 14:33:07.614 INFORMATION [main] org.apache.catalina.startup.VersionLoggerListener.log OS Version:            10.0
01-Apr-2019 14:33:07.614 INFORMATION [main] org.apache.catalina.startup.VersionLoggerListener.log Architecture:          amd64
01-Apr-2019 14:33:07.614 INFORMATION [main] org.apache.catalina.startup.VersionLoggerListener.log Java Home:             C:\Program Files\Java\jdk1.8.0_201\jre
01-Apr-2019 14:33:07.616 INFORMATION [main] org.apache.catalina.startup.VersionLoggerListener.log JVM Version:           1.8.0_201-b09
01-Apr-2019 14:33:07.618 INFORMATION [main] org.apache.catalina.startup.VersionLoggerListener.log JVM Vendor:            Oracle Corporation
01-Apr-2019 14:33:07.618 INFORMATION [main] org.apache.catalina.startup.VersionLoggerListener.log CATALINA_BASE:         C:\apache-tomcat-8.5.39
01-Apr-2019 14:33:07.618 INFORMATION [main] org.apache.catalina.startup.VersionLoggerListener.log CATALINA_HOME:         C:\apache-tomcat-8.5.39
01-Apr-2019 14:33:07.618 INFORMATION [main] org.apache.catalina.startup.VersionLoggerListener.log Command line argument: -Djava.util.logging.config.file=C:\apache-tomcat-8.5.39\conf\logging.properties
01-Apr-2019 14:33:07.618 INFORMATION [main] org.apache.catalina.startup.VersionLoggerListener.log Command line argument: -Djava.util.logging.manager=org.apache.juli.ClassLoaderLogManager
01-Apr-2019 14:33:07.619 INFORMATION [main] org.apache.catalina.startup.VersionLoggerListener.log Command line argument: -Djdk.tls.ephemeralDHKeySize=2048
01-Apr-2019 14:33:07.619 INFORMATION [main] org.apache.catalina.startup.VersionLoggerListener.log Command line argument: -Djava.protocol.handler.pkgs=org.apache.catalina.webresources
01-Apr-2019 14:33:07.619 INFORMATION [main] org.apache.catalina.startup.VersionLoggerListener.log Command line argument: -Dignore.endorsed.dirs=
01-Apr-2019 14:33:07.619 INFORMATION [main] org.apache.catalina.startup.VersionLoggerListener.log Command line argument: -Dcatalina.base=C:\apache-tomcat-8.5.39
01-Apr-2019 14:33:07.620 INFORMATION [main] org.apache.catalina.startup.VersionLoggerListener.log Command line argument: -Dcatalina.home=C:\apache-tomcat-8.5.39
01-Apr-2019 14:33:07.620 INFORMATION [main] org.apache.catalina.startup.VersionLoggerListener.log Command line argument: -Djava.io.tmpdir=C:\apache-tomcat-8.5.39\temp
01-Apr-2019 14:33:07.620 INFORMATION [main] org.apache.catalina.core.AprLifecycleListener.lifecycleEvent Loaded APR based Apache Tomcat Native library [1.2.21] using APR version [1.6.5].
01-Apr-2019 14:33:07.621 INFORMATION [main] org.apache.catalina.core.AprLifecycleListener.lifecycleEvent APR capabilities: IPv6 [true], sendfile [true], accept filters [false], random [true].
01-Apr-2019 14:33:07.621 INFORMATION [main] org.apache.catalina.core.AprLifecycleListener.lifecycleEvent APR/OpenSSL configuration: useAprConnector [false], useOpenSSL [true]
01-Apr-2019 14:33:07.627 INFORMATION [main] org.apache.catalina.core.AprLifecycleListener.initializeSSL OpenSSL successfully initialized [OpenSSL 1.1.1a  20 Nov 2018]
01-Apr-2019 14:33:10.817 INFORMATION [main] org.apache.coyote.AbstractProtocol.init Initializing ProtocolHandler ["http-nio-8080"]
01-Apr-2019 14:33:10.866 SCHWERWIEGEND [main] org.apache.catalina.core.StandardService.initInternal Failed to initialize connector [Connector[HTTP/1.1-8080]]
 org.apache.catalina.LifecycleException: Failed to initialize component [Connector[HTTP/1.1-8080]]
	at org.apache.catalina.util.LifecycleBase.init(LifecycleBase.java:112)
	at org.apache.catalina.core.StandardService.initInternal(StandardService.java:552)
	at org.apache.catalina.util.LifecycleBase.init(LifecycleBase.java:107)
	at org.apache.catalina.core.StandardServer.initInternal(StandardServer.java:875)
	at org.apache.catalina.util.LifecycleBase.init(LifecycleBase.java:107)
	at org.apache.catalina.startup.Catalina.load(Catalina.java:639)
	at org.apache.catalina.startup.Catalina.load(Catalina.java:662)
	at sun.reflect.NativeMethodAccessorImpl.invoke0(Native Method)
	at sun.reflect.NativeMethodAccessorImpl.invoke(NativeMethodAccessorImpl.java:62)
	at sun.reflect.DelegatingMethodAccessorImpl.invoke(DelegatingMethodAccessorImpl.java:43)
	at java.lang.reflect.Method.invoke(Method.java:498)
	at org.apache.catalina.startup.Bootstrap.load(Bootstrap.java:309)
	at org.apache.catalina.startup.Bootstrap.main(Bootstrap.java:492)
Caused by: org.apache.catalina.LifecycleException: Protocol handler initialization failed
	at org.apache.catalina.connector.Connector.initInternal(Connector.java:995)
	at org.apache.catalina.util.LifecycleBase.init(LifecycleBase.java:107)
	... 12 more
Caused by: java.net.BindException: Address already in use: bind
	at sun.nio.ch.Net.bind0(Native Method)
	at sun.nio.ch.Net.bind(Net.java:433)
	at sun.nio.ch.Net.bind(Net.java:425)
	at sun.nio.ch.ServerSocketChannelImpl.bind(ServerSocketChannelImpl.java:223)
	at sun.nio.ch.ServerSocketAdaptor.bind(ServerSocketAdaptor.java:74)
	at org.apache.tomcat.util.net.NioEndpoint.bind(NioEndpoint.java:219)
	at org.apache.tomcat.util.net.AbstractEndpoint.init(AbstractEndpoint.java:1105)
	at org.apache.tomcat.util.net.AbstractJsseEndpoint.init(AbstractJsseEndpoint.java:224)
	at org.apache.coyote.AbstractProtocol.init(AbstractProtocol.java:581)
	at org.apache.coyote.http11.AbstractHttp11Protocol.init(AbstractHttp11Protocol.java:68)
	at org.apache.catalina.connector.Connector.initInternal(Connector.java:993)
	... 13 more

01-Apr-2019 14:33:10.869 INFORMATION [main] org.apache.coyote.AbstractProtocol.init Initializing ProtocolHandler ["ajp-nio-8009"]
01-Apr-2019 14:33:11.184 INFORMATION [main] org.apache.tomcat.util.net.NioSelectorPool.getSharedSelector Using a shared selector for servlet write/read
01-Apr-2019 14:33:11.207 INFORMATION [main] org.apache.catalina.startup.Catalina.load Initialization processed in 4262 ms
01-Apr-2019 14:33:11.239 INFORMATION [main] org.apache.catalina.core.StandardService.startInternal Starting service [Catalina]
01-Apr-2019 14:33:11.239 INFORMATION [main] org.apache.catalina.core.StandardEngine.startInternal Starting Servlet Engine: Apache Tomcat/8.5.39
01-Apr-2019 14:33:11.255 INFORMATION [localhost-startStop-1] org.apache.catalina.startup.HostConfig.deployDirectory Deploying web application directory [C:\apache-tomcat-8.5.39\webapps\docs]
01-Apr-2019 14:33:13.325 INFORMATION [localhost-startStop-1] org.apache.catalina.startup.HostConfig.deployDirectory Deployment of web application directory [C:\apache-tomcat-8.5.39\webapps\docs] has finished in [2,068] ms
01-Apr-2019 14:33:13.325 INFORMATION [localhost-startStop-1] org.apache.catalina.startup.HostConfig.deployDirectory Deploying web application directory [C:\apache-tomcat-8.5.39\webapps\examples]
01-Apr-2019 14:33:13.719 INFORMATION [localhost-startStop-1] org.apache.catalina.startup.HostConfig.deployDirectory Deployment of web application directory [C:\apache-tomcat-8.5.39\webapps\examples] has finished in [394] ms
01-Apr-2019 14:33:13.720 INFORMATION [localhost-startStop-1] org.apache.catalina.startup.HostConfig.deployDirectory Deploying web application directory [C:\apache-tomcat-8.5.39\webapps\host-manager]
01-Apr-2019 14:33:13.753 INFORMATION [localhost-startStop-1] org.apache.catalina.startup.HostConfig.deployDirectory Deployment of web application directory [C:\apache-tomcat-8.5.39\webapps\host-manager] has finished in [33] ms
01-Apr-2019 14:33:13.755 INFORMATION [localhost-startStop-1] org.apache.catalina.startup.HostConfig.deployDirectory Deploying web application directory [C:\apache-tomcat-8.5.39\webapps\manager]
01-Apr-2019 14:33:13.788 INFORMATION [localhost-startStop-1] org.apache.catalina.startup.HostConfig.deployDirectory Deployment of web application directory [C:\apache-tomcat-8.5.39\webapps\manager] has finished in [35] ms
01-Apr-2019 14:33:13.789 INFORMATION [localhost-startStop-1] org.apache.catalina.startup.HostConfig.deployDirectory Deploying web application directory [C:\apache-tomcat-8.5.39\webapps\ROOT]
01-Apr-2019 14:33:13.812 INFORMATION [localhost-startStop-1] org.apache.catalina.startup.HostConfig.deployDirectory Deployment of web application directory [C:\apache-tomcat-8.5.39\webapps\ROOT] has finished in [23] ms
01-Apr-2019 14:33:13.817 INFORMATION [main] org.apache.coyote.AbstractProtocol.start Starting ProtocolHandler ["ajp-nio-8009"]
01-Apr-2019 14:33:13.827 INFORMATION [main] org.apache.catalina.startup.Catalina.start Server startup in 2619 ms
01-Apr-2019 14:34:02.484 INFORMATION [Thread-4] org.apache.coyote.AbstractProtocol.pause Pausing ProtocolHandler ["http-nio-8080"]
01-Apr-2019 14:34:02.485 INFORMATION [Thread-4] org.apache.coyote.AbstractProtocol.pause Pausing ProtocolHandler ["ajp-nio-8009"]
01-Apr-2019 14:34:02.701 INFORMATION [Thread-4] org.apache.catalina.core.StandardService.stopInternal Stopping service [Catalina]
01-Apr-2019 14:34:02.760 INFORMATION [Thread-4] org.apache.coyote.AbstractProtocol.stop Stopping ProtocolHandler ["ajp-nio-8009"]
01-Apr-2019 14:34:02.768 INFORMATION [Thread-4] org.apache.coyote.AbstractProtocol.stop Stopping ProtocolHandler ["http-nio-8080"]
01-Apr-2019 14:34:02.769 INFORMATION [Thread-4] org.apache.coyote.AbstractProtocol.destroy Destroying ProtocolHandler ["http-nio-8080"]
01-Apr-2019 14:34:02.769 INFORMATION [Thread-4] org.apache.coyote.AbstractProtocol.destroy Destroying ProtocolHandler ["ajp-nio-8009"]
01-Apr-2019 20:32:33.227 INFORMATION [main] org.apache.catalina.startup.VersionLoggerListener.log Server version:        Apache Tomcat/8.5.39
01-Apr-2019 20:32:33.285 INFORMATION [main] org.apache.catalina.startup.VersionLoggerListener.log Server built:          Mar 14 2019 11:24:26 UTC
01-Apr-2019 20:32:33.290 INFORMATION [main] org.apache.catalina.startup.VersionLoggerListener.log Server number:         8.5.39.0
01-Apr-2019 20:32:33.291 INFORMATION [main] org.apache.catalina.startup.VersionLoggerListener.log OS Name:               Windows 10
01-Apr-2019 20:32:33.291 INFORMATION [main] org.apache.catalina.startup.VersionLoggerListener.log OS Version:            10.0
01-Apr-2019 20:32:33.291 INFORMATION [main] org.apache.catalina.startup.VersionLoggerListener.log Architecture:          amd64
01-Apr-2019 20:32:33.292 INFORMATION [main] org.apache.catalina.startup.VersionLoggerListener.log Java Home:             C:\Program Files\Java\jdk1.8.0_201\jre
01-Apr-2019 20:32:33.295 INFORMATION [main] org.apache.catalina.startup.VersionLoggerListener.log JVM Version:           1.8.0_201-b09
01-Apr-2019 20:32:33.296 INFORMATION [main] org.apache.catalina.startup.VersionLoggerListener.log JVM Vendor:            Oracle Corporation
01-Apr-2019 20:32:33.296 INFORMATION [main] org.apache.catalina.startup.VersionLoggerListener.log CATALINA_BASE:         C:\apache-tomcat-8.5.39
01-Apr-2019 20:32:33.296 INFORMATION [main] org.apache.catalina.startup.VersionLoggerListener.log CATALINA_HOME:         C:\apache-tomcat-8.5.39
01-Apr-2019 20:32:33.297 INFORMATION [main] org.apache.catalina.startup.VersionLoggerListener.log Command line argument: -Djava.util.logging.config.file=C:\apache-tomcat-8.5.39\conf\logging.properties
01-Apr-2019 20:32:33.297 INFORMATION [main] org.apache.catalina.startup.VersionLoggerListener.log Command line argument: -Djava.util.logging.manager=org.apache.juli.ClassLoaderLogManager
01-Apr-2019 20:32:33.297 INFORMATION [main] org.apache.catalina.startup.VersionLoggerListener.log Command line argument: -Djdk.tls.ephemeralDHKeySize=2048
01-Apr-2019 20:32:33.297 INFORMATION [main] org.apache.catalina.startup.VersionLoggerListener.log Command line argument: -Djava.protocol.handler.pkgs=org.apache.catalina.webresources
01-Apr-2019 20:32:33.298 INFORMATION [main] org.apache.catalina.startup.VersionLoggerListener.log Command line argument: -Dignore.endorsed.dirs=
01-Apr-2019 20:32:33.298 INFORMATION [main] org.apache.catalina.startup.VersionLoggerListener.log Command line argument: -Dcatalina.base=C:\apache-tomcat-8.5.39
01-Apr-2019 20:32:33.299 INFORMATION [main] org.apache.catalina.startup.VersionLoggerListener.log Command line argument: -Dcatalina.home=C:\apache-tomcat-8.5.39
01-Apr-2019 20:32:33.299 INFORMATION [main] org.apache.catalina.startup.VersionLoggerListener.log Command line argument: -Djava.io.tmpdir=C:\apache-tomcat-8.5.39\temp
01-Apr-2019 20:32:33.303 INFORMATION [main] org.apache.catalina.core.AprLifecycleListener.lifecycleEvent Loaded APR based Apache Tomcat Native library [1.2.21] using APR version [1.6.5].
01-Apr-2019 20:32:33.306 INFORMATION [main] org.apache.catalina.core.AprLifecycleListener.lifecycleEvent APR capabilities: IPv6 [true], sendfile [true], accept filters [false], random [true].
01-Apr-2019 20:32:33.306 INFORMATION [main] org.apache.catalina.core.AprLifecycleListener.lifecycleEvent APR/OpenSSL configuration: useAprConnector [false], useOpenSSL [true]
01-Apr-2019 20:32:33.323 INFORMATION [main] org.apache.catalina.core.AprLifecycleListener.initializeSSL OpenSSL successfully initialized [OpenSSL 1.1.1a  20 Nov 2018]
01-Apr-2019 20:32:36.942 INFORMATION [main] org.apache.coyote.AbstractProtocol.init Initializing ProtocolHandler ["http-nio-8080"]
01-Apr-2019 20:32:37.271 INFORMATION [main] org.apache.tomcat.util.net.NioSelectorPool.getSharedSelector Using a shared selector for servlet write/read
01-Apr-2019 20:32:37.297 INFORMATION [main] org.apache.coyote.AbstractProtocol.init Initializing ProtocolHandler ["ajp-nio-8009"]
01-Apr-2019 20:32:37.299 INFORMATION [main] org.apache.tomcat.util.net.NioSelectorPool.getSharedSelector Using a shared selector for servlet write/read
01-Apr-2019 20:32:37.305 INFORMATION [main] org.apache.catalina.startup.Catalina.load Initialization processed in 4699 ms
01-Apr-2019 20:32:37.348 INFORMATION [main] org.apache.catalina.core.StandardService.startInternal Starting service [Catalina]
01-Apr-2019 20:32:37.351 INFORMATION [main] org.apache.catalina.core.StandardEngine.startInternal Starting Servlet Engine: Apache Tomcat/8.5.39
01-Apr-2019 20:32:37.370 INFORMATION [localhost-startStop-1] org.apache.catalina.startup.HostConfig.deployDirectory Deploying web application directory [C:\apache-tomcat-8.5.39\webapps\docs]
01-Apr-2019 20:32:39.445 INFORMATION [localhost-startStop-1] org.apache.catalina.startup.HostConfig.deployDirectory Deployment of web application directory [C:\apache-tomcat-8.5.39\webapps\docs] has finished in [2,074] ms
01-Apr-2019 20:32:39.446 INFORMATION [localhost-startStop-1] org.apache.catalina.startup.HostConfig.deployDirectory Deploying web application directory [C:\apache-tomcat-8.5.39\webapps\examples]
01-Apr-2019 20:32:40.987 INFORMATION [localhost-startStop-1] org.apache.catalina.startup.HostConfig.deployDirectory Deployment of web application directory [C:\apache-tomcat-8.5.39\webapps\examples] has finished in [1,541] ms
01-Apr-2019 20:32:40.988 INFORMATION [localhost-startStop-1] org.apache.catalina.startup.HostConfig.deployDirectory Deploying web application directory [C:\apache-tomcat-8.5.39\webapps\host-manager]
01-Apr-2019 20:32:41.021 INFORMATION [localhost-startStop-1] org.apache.catalina.startup.HostConfig.deployDirectory Deployment of web application directory [C:\apache-tomcat-8.5.39\webapps\host-manager] has finished in [33] ms
01-Apr-2019 20:32:41.022 INFORMATION [localhost-startStop-1] org.apache.catalina.startup.HostConfig.deployDirectory Deploying web application directory [C:\apache-tomcat-8.5.39\webapps\manager]
01-Apr-2019 20:32:41.047 INFORMATION [localhost-startStop-1] org.apache.catalina.startup.HostConfig.deployDirectory Deployment of web application directory [C:\apache-tomcat-8.5.39\webapps\manager] has finished in [25] ms
01-Apr-2019 20:32:41.047 INFORMATION [localhost-startStop-1] org.apache.catalina.startup.HostConfig.deployDirectory Deploying web application directory [C:\apache-tomcat-8.5.39\webapps\ROOT]
01-Apr-2019 20:32:41.097 INFORMATION [localhost-startStop-1] org.apache.catalina.startup.HostConfig.deployDirectory Deployment of web application directory [C:\apache-tomcat-8.5.39\webapps\ROOT] has finished in [50] ms
01-Apr-2019 20:32:41.107 INFORMATION [main] org.apache.coyote.AbstractProtocol.start Starting ProtocolHandler ["http-nio-8080"]
01-Apr-2019 20:32:41.127 INFORMATION [main] org.apache.coyote.AbstractProtocol.start Starting ProtocolHandler ["ajp-nio-8009"]
01-Apr-2019 20:32:41.133 INFORMATION [main] org.apache.catalina.startup.Catalina.start Server startup in 3828 ms
01-Apr-2019 20:39:34.259 INFORMATION [main] org.apache.catalina.startup.VersionLoggerListener.log Server version:        Apache Tomcat/8.5.39
01-Apr-2019 20:39:34.286 INFORMATION [main] org.apache.catalina.startup.VersionLoggerListener.log Server built:          Mar 14 2019 11:24:26 UTC
01-Apr-2019 20:39:34.286 INFORMATION [main] org.apache.catalina.startup.VersionLoggerListener.log Server number:         8.5.39.0
01-Apr-2019 20:39:34.286 INFORMATION [main] org.apache.catalina.startup.VersionLoggerListener.log OS Name:               Windows 10
01-Apr-2019 20:39:34.286 INFORMATION [main] org.apache.catalina.startup.VersionLoggerListener.log OS Version:            10.0
01-Apr-2019 20:39:34.286 INFORMATION [main] org.apache.catalina.startup.VersionLoggerListener.log Architecture:          amd64
01-Apr-2019 20:39:34.287 INFORMATION [main] org.apache.catalina.startup.VersionLoggerListener.log Java Home:             C:\Program Files\Java\jdk1.8.0_201\jre
01-Apr-2019 20:39:34.291 INFORMATION [main] org.apache.catalina.startup.VersionLoggerListener.log JVM Version:           1.8.0_201-b09
01-Apr-2019 20:39:34.291 INFORMATION [main] org.apache.catalina.startup.VersionLoggerListener.log JVM Vendor:            Oracle Corporation
01-Apr-2019 20:39:34.291 INFORMATION [main] org.apache.catalina.startup.VersionLoggerListener.log CATALINA_BASE:         C:\apache-tomcat-8.5.39
01-Apr-2019 20:39:34.292 INFORMATION [main] org.apache.catalina.startup.VersionLoggerListener.log CATALINA_HOME:         C:\apache-tomcat-8.5.39
01-Apr-2019 20:39:34.293 INFORMATION [main] org.apache.catalina.startup.VersionLoggerListener.log Command line argument: -Djava.util.logging.config.file=C:\apache-tomcat-8.5.39\conf\logging.properties
01-Apr-2019 20:39:34.293 INFORMATION [main] org.apache.catalina.startup.VersionLoggerListener.log Command line argument: -Djava.util.logging.manager=org.apache.juli.ClassLoaderLogManager
01-Apr-2019 20:39:34.293 INFORMATION [main] org.apache.catalina.startup.VersionLoggerListener.log Command line argument: -Djdk.tls.ephemeralDHKeySize=2048
01-Apr-2019 20:39:34.294 INFORMATION [main] org.apache.catalina.startup.VersionLoggerListener.log Command line argument: -Djava.protocol.handler.pkgs=org.apache.catalina.webresources
01-Apr-2019 20:39:34.294 INFORMATION [main] org.apache.catalina.startup.VersionLoggerListener.log Command line argument: -Dignore.endorsed.dirs=
01-Apr-2019 20:39:34.294 INFORMATION [main] org.apache.catalina.startup.VersionLoggerListener.log Command line argument: -Dcatalina.base=C:\apache-tomcat-8.5.39
01-Apr-2019 20:39:34.294 INFORMATION [main] org.apache.catalina.startup.VersionLoggerListener.log Command line argument: -Dcatalina.home=C:\apache-tomcat-8.5.39
01-Apr-2019 20:39:34.296 INFORMATION [main] org.apache.catalina.startup.VersionLoggerListener.log Command line argument: -Djava.io.tmpdir=C:\apache-tomcat-8.5.39\temp
01-Apr-2019 20:39:34.297 INFORMATION [main] org.apache.catalina.core.AprLifecycleListener.lifecycleEvent Loaded APR based Apache Tomcat Native library [1.2.21] using APR version [1.6.5].
01-Apr-2019 20:39:34.297 INFORMATION [main] org.apache.catalina.core.AprLifecycleListener.lifecycleEvent APR capabilities: IPv6 [true], sendfile [true], accept filters [false], random [true].
01-Apr-2019 20:39:34.297 INFORMATION [main] org.apache.catalina.core.AprLifecycleListener.lifecycleEvent APR/OpenSSL configuration: useAprConnector [false], useOpenSSL [true]
01-Apr-2019 20:39:34.304 INFORMATION [main] org.apache.catalina.core.AprLifecycleListener.initializeSSL OpenSSL successfully initialized [OpenSSL 1.1.1a  20 Nov 2018]
01-Apr-2019 20:39:37.508 INFORMATION [main] org.apache.coyote.AbstractProtocol.init Initializing ProtocolHandler ["http-nio-8080"]
01-Apr-2019 20:39:37.794 INFORMATION [main] org.apache.tomcat.util.net.NioSelectorPool.getSharedSelector Using a shared selector for servlet write/read
01-Apr-2019 20:39:37.830 INFORMATION [main] org.apache.coyote.AbstractProtocol.init Initializing ProtocolHandler ["ajp-nio-8009"]
01-Apr-2019 20:39:37.839 INFORMATION [main] org.apache.tomcat.util.net.NioSelectorPool.getSharedSelector Using a shared selector for servlet write/read
01-Apr-2019 20:39:37.840 INFORMATION [main] org.apache.catalina.startup.Catalina.load Initialization processed in 4010 ms
01-Apr-2019 20:39:37.872 INFORMATION [main] org.apache.catalina.core.StandardService.startInternal Starting service [Catalina]
01-Apr-2019 20:39:37.879 INFORMATION [main] org.apache.catalina.core.StandardEngine.startInternal Starting Servlet Engine: Apache Tomcat/8.5.39
01-Apr-2019 20:39:37.919 INFORMATION [localhost-startStop-1] org.apache.catalina.startup.HostConfig.deployWAR Deploying web application archive [C:\apache-tomcat-8.5.39\webapps\jpivot.war]
01-Apr-2019 20:39:49.833 INFORMATION [localhost-startStop-1] org.apache.jasper.servlet.TldScanner.scanJars At least one JAR was scanned for TLDs yet contained no TLDs. Enable debug logging for this logger for a complete list of JARs that were scanned but no TLDs were found in them. Skipping unneeded JARs during scanning can improve startup time and JSP compilation time.
01-Apr-2019 20:39:49.960 INFORMATION [localhost-startStop-1] org.apache.catalina.startup.HostConfig.deployWAR Deployment of web application archive [C:\apache-tomcat-8.5.39\webapps\jpivot.war] has finished in [12,041] ms
01-Apr-2019 20:39:49.975 INFORMATION [localhost-startStop-1] org.apache.catalina.startup.HostConfig.deployDirectory Deploying web application directory [C:\apache-tomcat-8.5.39\webapps\docs]
01-Apr-2019 20:39:50.013 INFORMATION [localhost-startStop-1] org.apache.catalina.startup.HostConfig.deployDirectory Deployment of web application directory [C:\apache-tomcat-8.5.39\webapps\docs] has finished in [38] ms
01-Apr-2019 20:39:50.017 INFORMATION [localhost-startStop-1] org.apache.catalina.startup.HostConfig.deployDirectory Deploying web application directory [C:\apache-tomcat-8.5.39\webapps\examples]
01-Apr-2019 20:39:51.207 INFORMATION [localhost-startStop-1] org.apache.catalina.startup.HostConfig.deployDirectory Deployment of web application directory [C:\apache-tomcat-8.5.39\webapps\examples] has finished in [1,190] ms
01-Apr-2019 20:39:51.207 INFORMATION [localhost-startStop-1] org.apache.catalina.startup.HostConfig.deployDirectory Deploying web application directory [C:\apache-tomcat-8.5.39\webapps\host-manager]
01-Apr-2019 20:39:51.250 INFORMATION [localhost-startStop-1] org.apache.catalina.startup.HostConfig.deployDirectory Deployment of web application directory [C:\apache-tomcat-8.5.39\webapps\host-manager] has finished in [43] ms
01-Apr-2019 20:39:51.250 INFORMATION [localhost-startStop-1] org.apache.catalina.startup.HostConfig.deployDirectory Deploying web application directory [C:\apache-tomcat-8.5.39\webapps\manager]
01-Apr-2019 20:39:51.288 INFORMATION [localhost-startStop-1] org.apache.catalina.startup.HostConfig.deployDirectory Deployment of web application directory [C:\apache-tomcat-8.5.39\webapps\manager] has finished in [38] ms
01-Apr-2019 20:39:51.290 INFORMATION [localhost-startStop-1] org.apache.catalina.startup.HostConfig.deployDirectory Deploying web application directory [C:\apache-tomcat-8.5.39\webapps\ROOT]
01-Apr-2019 20:39:51.317 INFORMATION [localhost-startStop-1] org.apache.catalina.startup.HostConfig.deployDirectory Deployment of web application directory [C:\apache-tomcat-8.5.39\webapps\ROOT] has finished in [27] ms
01-Apr-2019 20:39:51.361 INFORMATION [main] org.apache.coyote.AbstractProtocol.start Starting ProtocolHandler ["http-nio-8080"]
01-Apr-2019 20:39:51.378 INFORMATION [main] org.apache.coyote.AbstractProtocol.start Starting ProtocolHandler ["ajp-nio-8009"]
01-Apr-2019 20:39:51.383 INFORMATION [main] org.apache.catalina.startup.Catalina.start Server startup in 13541 ms
01-Apr-2019 20:40:25.960 INFORMATION [Thread-5] org.apache.coyote.AbstractProtocol.pause Pausing ProtocolHandler ["http-nio-8080"]
01-Apr-2019 20:40:26.289 INFORMATION [Thread-5] org.apache.coyote.AbstractProtocol.pause Pausing ProtocolHandler ["ajp-nio-8009"]
01-Apr-2019 20:40:26.577 INFORMATION [Thread-5] org.apache.catalina.core.StandardService.stopInternal Stopping service [Catalina]
01-Apr-2019 20:40:26.666 INFORMATION [Thread-5] org.apache.coyote.AbstractProtocol.stop Stopping ProtocolHandler ["http-nio-8080"]
01-Apr-2019 20:40:26.675 INFORMATION [Thread-5] org.apache.coyote.AbstractProtocol.stop Stopping ProtocolHandler ["ajp-nio-8009"]
01-Apr-2019 20:40:26.681 INFORMATION [Thread-5] org.apache.coyote.AbstractProtocol.destroy Destroying ProtocolHandler ["http-nio-8080"]
01-Apr-2019 20:40:26.684 INFORMATION [Thread-5] org.apache.coyote.AbstractProtocol.destroy Destroying ProtocolHandler ["ajp-nio-8009"]
01-Apr-2019 20:44:58.920 INFORMATION [main] org.apache.catalina.startup.VersionLoggerListener.log Server version:        Apache Tomcat/8.5.39
01-Apr-2019 20:44:58.925 INFORMATION [main] org.apache.catalina.startup.VersionLoggerListener.log Server built:          Mar 14 2019 11:24:26 UTC
01-Apr-2019 20:44:58.925 INFORMATION [main] org.apache.catalina.startup.VersionLoggerListener.log Server number:         8.5.39.0
01-Apr-2019 20:44:58.925 INFORMATION [main] org.apache.catalina.startup.VersionLoggerListener.log OS Name:               Windows 10
01-Apr-2019 20:44:58.925 INFORMATION [main] org.apache.catalina.startup.VersionLoggerListener.log OS Version:            10.0
01-Apr-2019 20:44:58.925 INFORMATION [main] org.apache.catalina.startup.VersionLoggerListener.log Architecture:          amd64
01-Apr-2019 20:44:58.926 INFORMATION [main] org.apache.catalina.startup.VersionLoggerListener.log Java Home:             C:\Program Files\Java\jdk1.8.0_201\jre
01-Apr-2019 20:44:58.928 INFORMATION [main] org.apache.catalina.startup.VersionLoggerListener.log JVM Version:           1.8.0_201-b09
01-Apr-2019 20:44:58.931 INFORMATION [main] org.apache.catalina.startup.VersionLoggerListener.log JVM Vendor:            Oracle Corporation
01-Apr-2019 20:44:58.932 INFORMATION [main] org.apache.catalina.startup.VersionLoggerListener.log CATALINA_BASE:         C:\apache-tomcat-8.5.39
01-Apr-2019 20:44:58.933 INFORMATION [main] org.apache.catalina.startup.VersionLoggerListener.log CATALINA_HOME:         C:\apache-tomcat-8.5.39
01-Apr-2019 20:44:58.934 INFORMATION [main] org.apache.catalina.startup.VersionLoggerListener.log Command line argument: -Djava.util.logging.config.file=C:\apache-tomcat-8.5.39\conf\logging.properties
01-Apr-2019 20:44:58.934 INFORMATION [main] org.apache.catalina.startup.VersionLoggerListener.log Command line argument: -Djava.util.logging.manager=org.apache.juli.ClassLoaderLogManager
01-Apr-2019 20:44:58.935 INFORMATION [main] org.apache.catalina.startup.VersionLoggerListener.log Command line argument: -Djdk.tls.ephemeralDHKeySize=2048
01-Apr-2019 20:44:58.935 INFORMATION [main] org.apache.catalina.startup.VersionLoggerListener.log Command line argument: -Djava.protocol.handler.pkgs=org.apache.catalina.webresources
01-Apr-2019 20:44:58.935 INFORMATION [main] org.apache.catalina.startup.VersionLoggerListener.log Command line argument: -Dignore.endorsed.dirs=
01-Apr-2019 20:44:58.936 INFORMATION [main] org.apache.catalina.startup.VersionLoggerListener.log Command line argument: -Dcatalina.base=C:\apache-tomcat-8.5.39
01-Apr-2019 20:44:58.936 INFORMATION [main] org.apache.catalina.startup.VersionLoggerListener.log Command line argument: -Dcatalina.home=C:\apache-tomcat-8.5.39
01-Apr-2019 20:44:58.937 INFORMATION [main] org.apache.catalina.startup.VersionLoggerListener.log Command line argument: -Djava.io.tmpdir=C:\apache-tomcat-8.5.39\temp
01-Apr-2019 20:44:58.938 INFORMATION [main] org.apache.catalina.core.AprLifecycleListener.lifecycleEvent Loaded APR based Apache Tomcat Native library [1.2.21] using APR version [1.6.5].
01-Apr-2019 20:44:58.938 INFORMATION [main] org.apache.catalina.core.AprLifecycleListener.lifecycleEvent APR capabilities: IPv6 [true], sendfile [true], accept filters [false], random [true].
01-Apr-2019 20:44:58.939 INFORMATION [main] org.apache.catalina.core.AprLifecycleListener.lifecycleEvent APR/OpenSSL configuration: useAprConnector [false], useOpenSSL [true]
01-Apr-2019 20:44:58.951 INFORMATION [main] org.apache.catalina.core.AprLifecycleListener.initializeSSL OpenSSL successfully initialized [OpenSSL 1.1.1a  20 Nov 2018]
01-Apr-2019 20:44:59.135 INFORMATION [main] org.apache.coyote.AbstractProtocol.init Initializing ProtocolHandler ["http-nio-8080"]
01-Apr-2019 20:44:59.440 INFORMATION [main] org.apache.tomcat.util.net.NioSelectorPool.getSharedSelector Using a shared selector for servlet write/read
01-Apr-2019 20:44:59.460 INFORMATION [main] org.apache.coyote.AbstractProtocol.init Initializing ProtocolHandler ["ajp-nio-8009"]
01-Apr-2019 20:44:59.468 INFORMATION [main] org.apache.tomcat.util.net.NioSelectorPool.getSharedSelector Using a shared selector for servlet write/read
01-Apr-2019 20:44:59.469 INFORMATION [main] org.apache.catalina.startup.Catalina.load Initialization processed in 1107 ms
01-Apr-2019 20:44:59.508 INFORMATION [main] org.apache.catalina.core.StandardService.startInternal Starting service [Catalina]
01-Apr-2019 20:44:59.508 INFORMATION [main] org.apache.catalina.core.StandardEngine.startInternal Starting Servlet Engine: Apache Tomcat/8.5.39
01-Apr-2019 20:44:59.542 INFORMATION [localhost-startStop-1] org.apache.catalina.startup.HostConfig.deployWAR Deploying web application archive [C:\apache-tomcat-8.5.39\webapps\jpivot.war]
01-Apr-2019 20:45:02.511 INFORMATION [localhost-startStop-1] org.apache.jasper.servlet.TldScanner.scanJars At least one JAR was scanned for TLDs yet contained no TLDs. Enable debug logging for this logger for a complete list of JARs that were scanned but no TLDs were found in them. Skipping unneeded JARs during scanning can improve startup time and JSP compilation time.
01-Apr-2019 20:45:02.673 INFORMATION [localhost-startStop-1] org.apache.catalina.startup.HostConfig.deployWAR Deployment of web application archive [C:\apache-tomcat-8.5.39\webapps\jpivot.war] has finished in [3,131] ms
01-Apr-2019 20:45:02.676 INFORMATION [localhost-startStop-1] org.apache.catalina.startup.HostConfig.deployDirectory Deploying web application directory [C:\apache-tomcat-8.5.39\webapps\docs]
01-Apr-2019 20:45:02.717 INFORMATION [localhost-startStop-1] org.apache.catalina.startup.HostConfig.deployDirectory Deployment of web application directory [C:\apache-tomcat-8.5.39\webapps\docs] has finished in [41] ms
01-Apr-2019 20:45:02.721 INFORMATION [localhost-startStop-1] org.apache.catalina.startup.HostConfig.deployDirectory Deploying web application directory [C:\apache-tomcat-8.5.39\webapps\examples]
01-Apr-2019 20:45:03.049 INFORMATION [localhost-startStop-1] org.apache.catalina.startup.HostConfig.deployDirectory Deployment of web application directory [C:\apache-tomcat-8.5.39\webapps\examples] has finished in [328] ms
01-Apr-2019 20:45:03.049 INFORMATION [localhost-startStop-1] org.apache.catalina.startup.HostConfig.deployDirectory Deploying web application directory [C:\apache-tomcat-8.5.39\webapps\host-manager]
01-Apr-2019 20:45:03.079 INFORMATION [localhost-startStop-1] org.apache.catalina.startup.HostConfig.deployDirectory Deployment of web application directory [C:\apache-tomcat-8.5.39\webapps\host-manager] has finished in [30] ms
01-Apr-2019 20:45:03.079 INFORMATION [localhost-startStop-1] org.apache.catalina.startup.HostConfig.deployDirectory Deploying web application directory [C:\apache-tomcat-8.5.39\webapps\manager]
01-Apr-2019 20:45:03.106 INFORMATION [localhost-startStop-1] org.apache.catalina.startup.HostConfig.deployDirectory Deployment of web application directory [C:\apache-tomcat-8.5.39\webapps\manager] has finished in [27] ms
01-Apr-2019 20:45:03.111 INFORMATION [localhost-startStop-1] org.apache.catalina.startup.HostConfig.deployDirectory Deploying web application directory [C:\apache-tomcat-8.5.39\webapps\ROOT]
01-Apr-2019 20:45:03.135 INFORMATION [localhost-startStop-1] org.apache.catalina.startup.HostConfig.deployDirectory Deployment of web application directory [C:\apache-tomcat-8.5.39\webapps\ROOT] has finished in [24] ms
01-Apr-2019 20:45:03.141 INFORMATION [main] org.apache.coyote.AbstractProtocol.start Starting ProtocolHandler ["http-nio-8080"]
01-Apr-2019 20:45:03.155 INFORMATION [main] org.apache.coyote.AbstractProtocol.start Starting ProtocolHandler ["ajp-nio-8009"]
01-Apr-2019 20:45:03.156 INFORMATION [main] org.apache.catalina.startup.Catalina.start Server startup in 3689 ms
01-Apr-2019 20:54:50.665 INFORMATION [Thread-5] org.apache.coyote.AbstractProtocol.pause Pausing ProtocolHandler ["http-nio-8080"]
01-Apr-2019 20:54:50.855 INFORMATION [Thread-5] org.apache.coyote.AbstractProtocol.pause Pausing ProtocolHandler ["ajp-nio-8009"]
01-Apr-2019 20:54:51.004 INFORMATION [Thread-5] org.apache.catalina.core.StandardService.stopInternal Stopping service [Catalina]
01-Apr-2019 20:54:51.076 INFORMATION [Thread-5] org.apache.coyote.AbstractProtocol.stop Stopping ProtocolHandler ["http-nio-8080"]
01-Apr-2019 20:54:51.079 INFORMATION [Thread-5] org.apache.coyote.AbstractProtocol.stop Stopping ProtocolHandler ["ajp-nio-8009"]
01-Apr-2019 20:54:51.083 INFORMATION [Thread-5] org.apache.coyote.AbstractProtocol.destroy Destroying ProtocolHandler ["http-nio-8080"]
01-Apr-2019 20:54:51.085 INFORMATION [Thread-5] org.apache.coyote.AbstractProtocol.destroy Destroying ProtocolHandler ["ajp-nio-8009"]
